#
# A fatal error has been detected by the Java Runtime Environment:
#
#  EXCEPTION_ACCESS_VIOLATION (0xc0000005) at pc=0x694c9ab5, pid=6964, tid=12408
#
# JRE version: Java(TM) SE Runtime Environment (8.0_66-b17) (build 1.8.0_66-b17)
# Java VM: Java HotSpot(TM) Client VM (25.66-b17 mixed mode windows-x86 )
# Problematic frame:
# C  [awt.dll+0xa9ab5]
#
# Failed to write core dump. Minidumps are not enabled by default on client versions of Windows
#
# If you would like to submit a bug report, please visit:
#   http://bugreport.java.com/bugreport/crash.jsp
# The crash happened outside the Java Virtual Machine in native code.
# See problematic frame for where to report the bug.
#

---------------  T H R E A D  ---------------

Current thread (0x2644bc00):  JavaThread "AWT-EventQueue-0" [_thread_in_native, id=12408, stack(0x29350000,0x293a0000)]

siginfo: ExceptionCode=0xc0000005, reading address 0x00000004

Registers:
EAX=0x0000000d, EBX=0x28d79860, ECX=0x00000000, EDX=0x011e1348
ESP=0x2939dd88, EBP=0x748c44b0, ESI=0x28c820b8, EDI=0xbe011623
EIP=0x694c9ab5, EFLAGS=0x00010217

Top of Stack: (sp=0x2939dd88)
0x2939dd88:   6944e93f be011623 28d79860 2644bd40
0x2939dd98:   2939de58 2939e310 6947b31f 2644bd40
0x2939dda8:   28d79860 2939e310 6947b336 00000001
0x2939ddb8:   00000000 00000000 6944bb85 2644bd40
0x2939ddc8:   2939e310 2644bc00 00000000 00000000
0x2939ddd8:   2939ddf8 02d62ed3 28cb6090 28aa8710
0x2939dde8:   2939e314 2644bd40 29abaa38 2939de1c
0x2939ddf8:   2939de88 02fd103c ffffffff 2939de04 

Instructions: (pc=0x694c9ab5)
0x694c9a95:   00 00 c3 8b 41 04 8b 80 0c 0c 00 00 c3 8b 01 83
0x694c9aa5:   78 04 08 7e 03 33 c0 c3 8b 49 04 e9 94 eb fe ff
0x694c9ab5:   8b 49 04 85 c9 74 05 e9 a2 e9 fe ff 33 c0 c2 04
0x694c9ac5:   00 8b 49 04 85 c9 74 05 e9 b7 e9 fe ff c2 04 00 


Register to memory mapping:

EAX=0x0000000d is an unknown value
EBX=0x28d79860 is an unknown value
ECX=0x00000000 is an unknown value
EDX=0x011e1348 is an unknown value
ESP=0x2939dd88 is pointing into the stack for thread: 0x2644bc00
EBP=0x748c44b0 is an unknown value
ESI=0x28c820b8 is an unknown value
EDI=0xbe011623 is an unknown value


Stack: [0x29350000,0x293a0000],  sp=0x2939dd88,  free space=311k
Native frames: (J=compiled Java code, j=interpreted, Vv=VM code, C=native code)
C  [awt.dll+0xa9ab5]

Java frames: (J=compiled Java code, j=interpreted, Vv=VM code)
J 2031  sun.java2d.windows.GDIBlitLoops.nativeBlit(Lsun/java2d/SurfaceData;Lsun/java2d/SurfaceData;Lsun/java2d/pipe/Region;IIIIIIIIIZ)V (0 bytes) @ 0x02fc1558 [0x02fc1490+0xc8]
J 4684 C1 sun.java2d.windows.GDIBlitLoops.Blit(Lsun/java2d/SurfaceData;Lsun/java2d/SurfaceData;Ljava/awt/Composite;Lsun/java2d/pipe/Region;IIIIII)V (37 bytes) @ 0x02e348d8 [0x02e34840+0x98]
J 4629 C1 sun.java2d.pipe.DrawImage.blitSurfaceData(Lsun/java2d/SunGraphics2D;Lsun/java2d/pipe/Region;Lsun/java2d/SurfaceData;Lsun/java2d/SurfaceData;Lsun/java2d/loops/SurfaceType;Lsun/java2d/loops/SurfaceType;IIIIIILjava/awt/Color;)V (145 bytes) @ 0x02e1107c [0x02e10e60+0x21c]
J 4628 C1 sun.java2d.pipe.DrawImage.renderImageCopy(Lsun/java2d/SunGraphics2D;Ljava/awt/Image;Ljava/awt/Color;IIIIII)Z (147 bytes) @ 0x02e62198 [0x02e62080+0x118]
J 4626 C1 sun.java2d.pipe.DrawImage.copyImage(Lsun/java2d/SunGraphics2D;Ljava/awt/Image;IILjava/awt/Color;)Z (105 bytes) @ 0x02d0eaa8 [0x02d0e8d0+0x1d8]
J 4620 C1 sun.java2d.pipe.DrawImage.copyImage(Lsun/java2d/SunGraphics2D;Ljava/awt/Image;IILjava/awt/Color;Ljava/awt/image/ImageObserver;)Z (60 bytes) @ 0x02e0e524 [0x02e0e3c0+0x164]
J 4659 C1 sun.java2d.pipe.ValidatePipe.copyImage(Lsun/java2d/SunGraphics2D;Ljava/awt/Image;IILjava/awt/Color;Ljava/awt/image/ImageObserver;)Z (29 bytes) @ 0x02e79928 [0x02e798b0+0x78]
J 4624 C1 sun.java2d.SunGraphics2D.drawImage(Ljava/awt/Image;IILjava/awt/Color;Ljava/awt/image/ImageObserver;)Z (145 bytes) @ 0x02e103c4 [0x02e101d0+0x1f4]
J 4616 C1 sun.java2d.SunGraphics2D.drawImage(Ljava/awt/Image;IILjava/awt/image/ImageObserver;)Z (11 bytes) @ 0x02ee4140 [0x02ee4100+0x40]
J 5134 C1 javax.swing.RepaintManager$PaintManager.paintDoubleBuffered(Ljavax/swing/JComponent;Ljava/awt/Image;Ljava/awt/Graphics;IIII)V (294 bytes) @ 0x02d0f708 [0x02d0f560+0x1a8]
J 5136 C1 javax.swing.RepaintManager$PaintManager.paint(Ljavax/swing/JComponent;Ljavax/swing/JComponent;Ljava/awt/Graphics;IIII)Z (189 bytes) @ 0x02e1f038 [0x02e1ed10+0x328]
J 4601 C1 javax.swing.RepaintManager.paint(Ljavax/swing/JComponent;Ljavax/swing/JComponent;Ljava/awt/Graphics;IIII)V (93 bytes) @ 0x02e1259c [0x02e123c0+0x1dc]
J 5243 C1 javax.swing.JComponent.paint(Ljava/awt/Graphics;)V (409 bytes) @ 0x02d6cbe8 [0x02d6c8d0+0x318]
j  java.awt.GraphicsCallback$PaintCallback.run(Ljava/awt/Component;Ljava/awt/Graphics;)V+2
j  sun.awt.SunGraphicsCallback.runOneComponent(Ljava/awt/Component;Ljava/awt/Rectangle;Ljava/awt/Graphics;Ljava/awt/Shape;I)V+155
j  sun.awt.SunGraphicsCallback.runComponents([Ljava/awt/Component;Ljava/awt/Graphics;I)V+194
j  java.awt.Container.paint(Ljava/awt/Graphics;)V+58
j  java.awt.Window.paint(Ljava/awt/Graphics;)V+68
J 4618 C1 javax.swing.RepaintManager$4.run()Ljava/lang/Void; (278 bytes) @ 0x030188b4 [0x030185e0+0x2d4]
J 4617 C1 javax.swing.RepaintManager$4.run()Ljava/lang/Object; (5 bytes) @ 0x02d9e9a0 [0x02d9e980+0x20]
v  ~StubRoutines::call_stub
J 1457  java.security.AccessController.doPrivileged(Ljava/security/PrivilegedAction;Ljava/security/AccessControlContext;)Ljava/lang/Object; (0 bytes) @ 0x02ee51c7 [0x02ee5160+0x67]
J 5131 C1 javax.swing.RepaintManager.paintDirtyRegions(Ljava/util/Map;)V (196 bytes) @ 0x02f35a7c [0x02f356a0+0x3dc]
J 4599 C1 javax.swing.RepaintManager.paintDirtyRegions()V (50 bytes) @ 0x02edf5a4 [0x02edf460+0x144]
J 4595 C1 javax.swing.RepaintManager.prePaintDirtyRegions()V (91 bytes) @ 0x02e031f4 [0x02e03030+0x1c4]
J 4597 C1 javax.swing.RepaintManager$ProcessingRunnable.run()V (41 bytes) @ 0x02edf9e4 [0x02edf8b0+0x134]
J 5185 C1 java.awt.event.InvocationEvent.dispatch()V (69 bytes) @ 0x02d345dc [0x02d344f0+0xec]
J 5171 C1 java.awt.EventQueue.dispatchEventImpl(Ljava/awt/AWTEvent;Ljava/lang/Object;)V (149 bytes) @ 0x02dfd9cc [0x02dfd510+0x4bc]
J 5177 C1 java.awt.EventQueue$3.run()Ljava/lang/Void; (60 bytes) @ 0x02e12e1c [0x02e12dc0+0x5c]
J 5176 C1 java.awt.EventQueue$3.run()Ljava/lang/Object; (5 bytes) @ 0x02d42da0 [0x02d42d80+0x20]
v  ~StubRoutines::call_stub
J 1457  java.security.AccessController.doPrivileged(Ljava/security/PrivilegedAction;Ljava/security/AccessControlContext;)Ljava/lang/Object; (0 bytes) @ 0x02ee51c7 [0x02ee5160+0x67]
J 5170 C1 java.awt.EventQueue.dispatchEvent(Ljava/awt/AWTEvent;)V (80 bytes) @ 0x02f77408 [0x02f77200+0x208]
J 1438 C1 java.awt.EventDispatchThread.pumpOneEventForFilters(I)V (295 bytes) @ 0x02ee0554 [0x02edfec0+0x694]
J 2200% C1 java.awt.EventDispatchThread.pumpEventsForFilter(ILjava/awt/Conditional;Ljava/awt/EventFilter;)V (47 bytes) @ 0x0300acbc [0x0300ac00+0xbc]
j  java.awt.EventDispatchThread.pumpEventsForHierarchy(ILjava/awt/Conditional;Ljava/awt/Component;)V+11
j  java.awt.EventDispatchThread.pumpEvents(ILjava/awt/Conditional;)V+4
j  java.awt.EventDispatchThread.pumpEvents(Ljava/awt/Conditional;)V+3
j  java.awt.EventDispatchThread.run()V+9
v  ~StubRoutines::call_stub

---------------  P R O C E S S  ---------------

Java Threads: ( => current thread )
  0x28a85c00 JavaThread "JmDNS(SURFACEROSS.local.).Timer" daemon [_thread_blocked, id=4060, stack(0x26cd0000,0x26d20000)]
  0x2644ac00 JavaThread "JmDNS(SURFACEROSS.local.).State.Timer" [_thread_blocked, id=2996, stack(0x26c40000,0x26c90000)]
  0x2644a800 JavaThread "JmDNS(SURFACEROSS.local.).Timer" daemon [_thread_blocked, id=4992, stack(0x26bb0000,0x26c00000)]
  0x2644a000 JavaThread "SocketListener(SURFACEROSS.local.)" daemon [_thread_in_native, id=8820, stack(0x253b0000,0x25400000)]
  0x26449000 JavaThread "JmDNS(SURFACEROSS.local.).State.Timer" [_thread_blocked, id=2516, stack(0x04d60000,0x04db0000)]
  0x2644b400 JavaThread "SocketListener(SURFACEROSS.local.)" daemon [_thread_in_native, id=4640, stack(0x00e00000,0x00e50000)]
  0x28a85000 JavaThread "JmDNS(SURFACEROSS.local.).Timer" daemon [_thread_blocked, id=9520, stack(0x27030000,0x27080000)]
  0x28a84800 JavaThread "JmDNS(SURFACEROSS.local.).State.Timer" [_thread_blocked, id=12600, stack(0x26fa0000,0x26ff0000)]
  0x28a84400 JavaThread "JmDNS(SURFACEROSS.local.).Timer" daemon [_thread_blocked, id=7972, stack(0x26f10000,0x26f60000)]
  0x28a83000 JavaThread "SocketListener(SURFACEROSS.local.)" daemon [_thread_in_native, id=7248, stack(0x26e80000,0x26ed0000)]
  0x28a86000 JavaThread "JmDNS(SURFACEROSS.local.).Timer" daemon [_thread_blocked, id=9068, stack(0x26b20000,0x26b70000)]
  0x28a7f800 JavaThread "JmDNS(SURFACEROSS.local.).State.Timer" [_thread_blocked, id=11588, stack(0x26a90000,0x26ae0000)]
  0x28a7ec00 JavaThread "JmDNS(SURFACEROSS.local.).Timer" daemon [_thread_blocked, id=7640, stack(0x25c60000,0x25cb0000)]
  0x28a81800 JavaThread "SocketListener(SURFACEROSS.local.)" daemon [_thread_in_native, id=10600, stack(0x25440000,0x25490000)]
  0x28a7fc00 JavaThread "DestroyJavaVM" [_thread_blocked, id=6584, stack(0x02a30000,0x02a80000)]
  0x26448000 JavaThread "TimerQueue" daemon [_thread_blocked, id=1100, stack(0x29a50000,0x29aa0000)]
  0x26449400 JavaThread "Batik CleanerThread" daemon [_thread_blocked, id=5000, stack(0x29670000,0x296c0000)]
=>0x2644bc00 JavaThread "AWT-EventQueue-0" [_thread_in_native, id=12408, stack(0x29350000,0x293a0000)]
  0x263df800 JavaThread "cc.arduino.packages.discoverers.network.BoardReachabilityFilter" [_thread_blocked, id=2116, stack(0x27f00000,0x27f50000)]
  0x26310000 JavaThread "cc.arduino.packages.discoverers.network.NetworkChecker" [_thread_blocked, id=9608, stack(0x27e70000,0x27ec0000)]
  0x2630ec00 JavaThread "cc.arduino.packages.discoverers.serial.SerialBoardsLister" [_thread_blocked, id=11396, stack(0x27de0000,0x27e30000)]
  0x262bdc00 JavaThread "AWT-Windows" daemon [_thread_in_native, id=12236, stack(0x267a0000,0x267f0000)]
  0x26287c00 JavaThread "AWT-Shutdown" [_thread_blocked, id=12612, stack(0x26710000,0x26760000)]
  0x26287000 JavaThread "Java2D Disposer" daemon [_thread_blocked, id=3080, stack(0x26680000,0x266d0000)]
  0x25906c00 JavaThread "Service Thread" daemon [_thread_blocked, id=11900, stack(0x26070000,0x260c0000)]
  0x2590b400 JavaThread "C1 CompilerThread0" daemon [_thread_blocked, id=2788, stack(0x25fe0000,0x26030000)]
  0x2590a400 JavaThread "Attach Listener" daemon [_thread_blocked, id=76, stack(0x25f50000,0x25fa0000)]
  0x25908400 JavaThread "Signal Dispatcher" daemon [_thread_blocked, id=2892, stack(0x25ec0000,0x25f10000)]
  0x258d8c00 JavaThread "Finalizer" daemon [_thread_blocked, id=11696, stack(0x25d40000,0x25d90000)]
  0x258d3800 JavaThread "Reference Handler" daemon [_thread_blocked, id=7060, stack(0x25b10000,0x25b60000)]

Other Threads:
  0x0298dc00 VMThread [stack: 0x25510000,0x25560000] [id=11292]
  0x25930c00 WatcherThread [stack: 0x26100000,0x26150000] [id=4620]

VM state:not at safepoint (normal execution)

VM Mutex/Monitor currently owned by a thread: None

Heap:
 def new generation   total 39424K, used 6554K [0x04e00000, 0x078c0000, 0x0f8a0000)
  eden space 35072K,  18% used [0x04e00000, 0x05464e00, 0x07040000)
  from space 4352K,   0% used [0x07040000, 0x07041cb8, 0x07480000)
  to   space 4352K,   0% used [0x07480000, 0x07480000, 0x078c0000)
 tenured generation   total 87424K, used 48255K [0x0f8a0000, 0x14e00000, 0x24e00000)
   the space 87424K,  55% used [0x0f8a0000, 0x127bfcc8, 0x127bfe00, 0x14e00000)
 Metaspace       used 18528K, capacity 18960K, committed 19072K, reserved 19840K

Card table byte_map: [0x04c50000,0x04d60000] byte_map_base: 0x04c29000

Polling page: 0x00ed0000

CodeCache: size=32768Kb used=1739Kb max_used=3875Kb free=31028Kb
 bounds [0x02c50000, 0x03020000, 0x04c50000]
 total_blobs=1082 nmethods=806 adapters=206
 compilation: enabled

Compilation events (10 events):
Event: 50659.266 Thread 0x2590b400 7649             java.awt.geom.Point2D::<init> (5 bytes)
Event: 50659.266 Thread 0x2590b400 nmethod 7649 0x02d80188 code [0x02d80280, 0x02d80300]
Event: 50659.266 Thread 0x2590b400 7650             java.awt.geom.Point2D$Float::<init> (5 bytes)
Event: 50659.266 Thread 0x2590b400 nmethod 7650 0x02e16208 code [0x02e16300, 0x02e16380]
Event: 50659.266 Thread 0x2590b400 7651             sun.awt.image.ToolkitImage::hasError (33 bytes)
Event: 50659.266 Thread 0x2590b400 nmethod 7651 0x02fbbc48 code [0x02fbbd50, 0x02fbbe1c]
Event: 50659.266 Thread 0x2590b400 7652  s          sun.awt.image.ToolkitImage::getImageRep (37 bytes)
Event: 50659.267 Thread 0x2590b400 nmethod 7652 0x02fdc348 code [0x02fdc470, 0x02fdc7b4]
Event: 50659.267 Thread 0x2590b400 7653             sun.awt.image.ImageRepresentation::drawToBufImage (159 bytes)
Event: 50659.267 Thread 0x2590b400 nmethod 7653 0x02e6d408 code [0x02e6d550, 0x02e6d7d8]

GC Heap History (10 events):
Event: 49609.376 GC heap before
{Heap before GC invocations=54 (full 1):
 def new generation   total 39424K, used 35074K [0x04e00000, 0x078c0000, 0x0f8a0000)
  eden space 35072K, 100% used [0x04e00000, 0x07040000, 0x07040000)
  from space 4352K,   0% used [0x07480000, 0x07480908, 0x078c0000)
  to   space 4352K,   0% used [0x07040000, 0x07040000, 0x07480000)
 tenured generation   total 87424K, used 48254K [0x0f8a0000, 0x14e00000, 0x24e00000)
   the space 87424K,  55% used [0x0f8a0000, 0x127bfa18, 0x127bfc00, 0x14e00000)
 Metaspace       used 18528K, capacity 18960K, committed 19072K, reserved 19840K
Event: 49609.378 GC heap after
Heap after GC invocations=55 (full 1):
 def new generation   total 39424K, used 2K [0x04e00000, 0x078c0000, 0x0f8a0000)
  eden space 35072K,   0% used [0x04e00000, 0x04e00000, 0x07040000)
  from space 4352K,   0% used [0x07040000, 0x07040890, 0x07480000)
  to   space 4352K,   0% used [0x07480000, 0x07480000, 0x078c0000)
 tenured generation   total 87424K, used 48254K [0x0f8a0000, 0x14e00000, 0x24e00000)
   the space 87424K,  55% used [0x0f8a0000, 0x127bfa18, 0x127bfc00, 0x14e00000)
 Metaspace       used 18528K, capacity 18960K, committed 19072K, reserved 19840K
}
Event: 49799.963 GC heap before
{Heap before GC invocations=55 (full 1):
 def new generation   total 39424K, used 35074K [0x04e00000, 0x078c0000, 0x0f8a0000)
  eden space 35072K, 100% used [0x04e00000, 0x07040000, 0x07040000)
  from space 4352K,   0% used [0x07040000, 0x07040890, 0x07480000)
  to   space 4352K,   0% used [0x07480000, 0x07480000, 0x078c0000)
 tenured generation   total 87424K, used 48254K [0x0f8a0000, 0x14e00000, 0x24e00000)
   the space 87424K,  55% used [0x0f8a0000, 0x127bfa18, 0x127bfc00, 0x14e00000)
 Metaspace       used 18528K, capacity 18960K, committed 19072K, reserved 19840K
Event: 49799.964 GC heap after
Heap after GC invocations=56 (full 1):
 def new generation   total 39424K, used 2K [0x04e00000, 0x078c0000, 0x0f8a0000)
  eden space 35072K,   0% used [0x04e00000, 0x04e00000, 0x07040000)
  from space 4352K,   0% used [0x07480000, 0x074808e0, 0x078c0000)
  to   space 4352K,   0% used [0x07040000, 0x07040000, 0x07480000)
 tenured generation   total 87424K, used 48254K [0x0f8a0000, 0x14e00000, 0x24e00000)
   the space 87424K,  55% used [0x0f8a0000, 0x127bfa18, 0x127bfc00, 0x14e00000)
 Metaspace       used 18528K, capacity 18960K, committed 19072K, reserved 19840K
}
Event: 49990.824 GC heap before
{Heap before GC invocations=56 (full 1):
 def new generation   total 39424K, used 35074K [0x04e00000, 0x078c0000, 0x0f8a0000)
  eden space 35072K, 100% used [0x04e00000, 0x07040000, 0x07040000)
  from space 4352K,   0% used [0x07480000, 0x074808e0, 0x078c0000)
  to   space 4352K,   0% used [0x07040000, 0x07040000, 0x07480000)
 tenured generation   total 87424K, used 48254K [0x0f8a0000, 0x14e00000, 0x24e00000)
   the space 87424K,  55% used [0x0f8a0000, 0x127bfa18, 0x127bfc00, 0x14e00000)
 Metaspace       used 18528K, capacity 18960K, committed 19072K, reserved 19840K
Event: 49990.826 GC heap after
Heap after GC invocations=57 (full 1):
 def new generation   total 39424K, used 2K [0x04e00000, 0x078c0000, 0x0f8a0000)
  eden space 35072K,   0% used [0x04e00000, 0x04e00000, 0x07040000)
  from space 4352K,   0% used [0x07040000, 0x070408f8, 0x07480000)
  to   space 4352K,   0% used [0x07480000, 0x07480000, 0x078c0000)
 tenured generation   total 87424K, used 48254K [0x0f8a0000, 0x14e00000, 0x24e00000)
   the space 87424K,  55% used [0x0f8a0000, 0x127bfa18, 0x127bfc00, 0x14e00000)
 Metaspace       used 18528K, capacity 18960K, committed 19072K, reserved 19840K
}
Event: 50182.100 GC heap before
{Heap before GC invocations=57 (full 1):
 def new generation   total 39424K, used 35074K [0x04e00000, 0x078c0000, 0x0f8a0000)
  eden space 35072K, 100% used [0x04e00000, 0x07040000, 0x07040000)
  from space 4352K,   0% used [0x07040000, 0x070408f8, 0x07480000)
  to   space 4352K,   0% used [0x07480000, 0x07480000, 0x078c0000)
 tenured generation   total 87424K, used 48254K [0x0f8a0000, 0x14e00000, 0x24e00000)
   the space 87424K,  55% used [0x0f8a0000, 0x127bfa18, 0x127bfc00, 0x14e00000)
 Metaspace       used 18528K, capacity 18960K, committed 19072K, reserved 19840K
Event: 50182.101 GC heap after
Heap after GC invocations=58 (full 1):
 def new generation   total 39424K, used 7K [0x04e00000, 0x078c0000, 0x0f8a0000)
  eden space 35072K,   0% used [0x04e00000, 0x04e00000, 0x07040000)
  from space 4352K,   0% used [0x07480000, 0x07481ce0, 0x078c0000)
  to   space 4352K,   0% used [0x07040000, 0x07040000, 0x07480000)
 tenured generation   total 87424K, used 48254K [0x0f8a0000, 0x14e00000, 0x24e00000)
   the space 87424K,  55% used [0x0f8a0000, 0x127bfa18, 0x127bfc00, 0x14e00000)
 Metaspace       used 18528K, capacity 18960K, committed 19072K, reserved 19840K
}
Event: 50658.530 GC heap before
{Heap before GC invocations=58 (full 1):
 def new generation   total 39424K, used 35079K [0x04e00000, 0x078c0000, 0x0f8a0000)
  eden space 35072K, 100% used [0x04e00000, 0x07040000, 0x07040000)
  from space 4352K,   0% used [0x07480000, 0x07481ce0, 0x078c0000)
  to   space 4352K,   0% used [0x07040000, 0x07040000, 0x07480000)
 tenured generation   total 87424K, used 48254K [0x0f8a0000, 0x14e00000, 0x24e00000)
   the space 87424K,  55% used [0x0f8a0000, 0x127bfa18, 0x127bfc00, 0x14e00000)
 Metaspace       used 18528K, capacity 18960K, committed 19072K, reserved 19840K
Event: 50658.532 GC heap after
Heap after GC invocations=59 (full 1):
 def new generation   total 39424K, used 7K [0x04e00000, 0x078c0000, 0x0f8a0000)
  eden space 35072K,   0% used [0x04e00000, 0x04e00000, 0x07040000)
  from space 4352K,   0% used [0x07040000, 0x07041cb8, 0x07480000)
  to   space 4352K,   0% used [0x07480000, 0x07480000, 0x078c0000)
 tenured generation   total 87424K, used 48255K [0x0f8a0000, 0x14e00000, 0x24e00000)
   the space 87424K,  55% used [0x0f8a0000, 0x127bfcc8, 0x127bfe00, 0x14e00000)
 Metaspace       used 18528K, capacity 18960K, committed 19072K, reserved 19840K
}

Deoptimization events (0 events):
No events

Internal exceptions (10 events):
Event: 40111.102 Thread 0x26310000 Exception <a 'java/net/SocketException': error setting options> (0x05dc6048) thrown at [C:\re\workspace\8-2-build-windows-i586-cygwin\jdk8u66\4988\hotspot\src\share\vm\prims\jni.cpp, line 735]
Event: 40111.102 Thread 0x28a81800 Exception <a 'java/net/SocketException': socket closed> (0x05e43f08) thrown at [C:\re\workspace\8-2-build-windows-i586-cygwin\jdk8u66\4988\hotspot\src\share\vm\prims\jni.cpp, line 735]
Event: 40116.104 Thread 0x28a7f800 Exception <a 'java/net/SocketException': socket closed> (0x058fe690) thrown at [C:\re\workspace\8-2-build-windows-i586-cygwin\jdk8u66\4988\hotspot\src\share\vm\prims\jni.cpp, line 735]
Event: 40125.265 Thread 0x28a83400 Exception <a 'java/net/NoRouteToHostException': No route to host: Datagram send failed> (0x06be47c0) thrown at [C:\re\workspace\8-2-build-windows-i586-cygwin\jdk8u66\4988\hotspot\src\share\vm\prims\jni.cpp, line 735]
Event: 40125.278 Thread 0x28a83400 Exception <a 'java/net/NoRouteToHostException': No route to host: Datagram send failed> (0x06d0dfe0) thrown at [C:\re\workspace\8-2-build-windows-i586-cygwin\jdk8u66\4988\hotspot\src\share\vm\prims\jni.cpp, line 735]
Event: 40130.290 Thread 0x28a80800 Exception <a 'java/net/SocketException': error setting options> (0x06cffba0) thrown at [C:\re\workspace\8-2-build-windows-i586-cygwin\jdk8u66\4988\hotspot\src\share\vm\prims\jni.cpp, line 735]
Event: 40130.290 Thread 0x28a80400 Exception <a 'java/net/SocketException': socket closed> (0x06c86b40) thrown at [C:\re\workspace\8-2-build-windows-i586-cygwin\jdk8u66\4988\hotspot\src\share\vm\prims\jni.cpp, line 735]
Event: 40136.887 Thread 0x28a81c00 Exception <a 'java/net/SocketException': socket closed> (0x04ef2858) thrown at [C:\re\workspace\8-2-build-windows-i586-cygwin\jdk8u66\4988\hotspot\src\share\vm\prims\jni.cpp, line 735]
Event: 40146.138 Thread 0x26435400 Exception <a 'java/net/SocketException': socket closed> (0x05069e58) thrown at [C:\re\workspace\8-2-build-windows-i586-cygwin\jdk8u66\4988\hotspot\src\share\vm\prims\jni.cpp, line 735]
Event: 40152.140 Thread 0x28a85400 Exception <a 'java/net/SocketException': socket closed> (0x04e134f8) thrown at [C:\re\workspace\8-2-build-windows-i586-cygwin\jdk8u66\4988\hotspot\src\share\vm\prims\jni.cpp, line 735]

Events (10 events):
Event: 50658.532 Executing VM operation: GenCollectForAllocation done
Event: 50659.036 Executing VM operation: RevokeBias
Event: 50659.036 Executing VM operation: RevokeBias done
Event: 50659.036 Thread 0x26449c00 Thread exited: 0x26449c00
Event: 50659.036 Executing VM operation: RevokeBias
Event: 50659.036 Executing VM operation: RevokeBias done
Event: 50659.036 Thread 0x26448800 Thread exited: 0x26448800
Event: 50659.167 Thread 0x2590b400 flushing nmethod 0x02d0c848
Event: 50659.167 Thread 0x2590b400 flushing nmethod 0x02d69708
Event: 50659.202 Thread 0x2590b400 flushing nmethod 0x02ee54c8


Dynamic libraries:
0x013a0000 - 0x013d3000 	C:\Program Files (x86)\Arduino\java\bin\javaw.exe
0x777b0000 - 0x77932000 	C:\WINDOWS\SYSTEM32\ntdll.dll
0x74fe0000 - 0x750c0000 	C:\WINDOWS\System32\KERNEL32.DLL
0x743f0000 - 0x7458f000 	C:\WINDOWS\System32\KERNELBASE.dll
0x74840000 - 0x748b7000 	C:\WINDOWS\System32\ADVAPI32.dll
0x74f20000 - 0x74fde000 	C:\WINDOWS\System32\msvcrt.dll
0x76b60000 - 0x76ba1000 	C:\WINDOWS\System32\sechost.dll
0x77160000 - 0x77221000 	C:\WINDOWS\System32\RPCRT4.dll
0x74330000 - 0x7434e000 	C:\WINDOWS\System32\SspiCli.dll
0x74320000 - 0x7432a000 	C:\WINDOWS\System32\CRYPTBASE.dll
0x76c90000 - 0x76cea000 	C:\WINDOWS\System32\bcryptPrimitives.dll
0x77650000 - 0x777af000 	C:\WINDOWS\System32\USER32.dll
0x764f0000 - 0x76505000 	C:\WINDOWS\System32\win32u.dll
0x748c0000 - 0x748e9000 	C:\WINDOWS\System32\GDI32.dll
0x77320000 - 0x7747b000 	C:\WINDOWS\System32\gdi32full.dll
0x6fdb0000 - 0x6ffba000 	C:\WINDOWS\WinSxS\x86_microsoft.windows.common-controls_6595b64144ccf1df_6.0.14366.0_none_74bf891dd22ae5d0\COMCTL32.dll
0x76cf0000 - 0x76ee2000 	C:\WINDOWS\System32\combase.dll
0x74700000 - 0x747e0000 	C:\WINDOWS\System32\ucrtbase.dll
0x76bb0000 - 0x76bd5000 	C:\WINDOWS\System32\IMM32.DLL
0x6ee30000 - 0x6eeef000 	C:\Program Files (x86)\Arduino\java\bin\msvcr100.dll
0x698e0000 - 0x69ca5000 	C:\Program Files (x86)\Arduino\java\bin\client\jvm.dll
0x76510000 - 0x76516000 	C:\WINDOWS\System32\PSAPI.DLL
0x70740000 - 0x70748000 	C:\WINDOWS\SYSTEM32\WSOCK32.dll
0x772b0000 - 0x77316000 	C:\WINDOWS\System32\WS2_32.dll
0x711a0000 - 0x711c4000 	C:\WINDOWS\SYSTEM32\WINMM.dll
0x740c0000 - 0x740c8000 	C:\WINDOWS\SYSTEM32\VERSION.dll
0x71170000 - 0x71193000 	C:\WINDOWS\SYSTEM32\WINMMBASE.dll
0x76520000 - 0x76556000 	C:\WINDOWS\System32\cfgmgr32.dll
0x6edf0000 - 0x6ee21000 	C:\Program Files (x86)\Arduino\java\bin\splashscreen.dll
0x71210000 - 0x71285000 	C:\WINDOWS\system32\uxtheme.dll
0x71160000 - 0x7116c000 	C:\Program Files (x86)\Arduino\java\bin\verify.dll
0x698b0000 - 0x698d1000 	C:\Program Files (x86)\Arduino\java\bin\java.dll
0x77520000 - 0x7764e000 	C:\WINDOWS\System32\MSCTF.dll
0x74350000 - 0x743e3000 	C:\WINDOWS\System32\OLEAUT32.dll
0x716e0000 - 0x7175d000 	C:\Program Files (x86)\Common Files\Microsoft Shared\Ink\tiptsf.dll
0x71140000 - 0x71153000 	C:\Program Files (x86)\Arduino\java\bin\zip.dll
0x772a0000 - 0x772ad000 	C:\WINDOWS\System32\kernel.appcore.dll
0x77070000 - 0x770f4000 	C:\WINDOWS\System32\clbcatq.dll
0x69640000 - 0x6978c000 	C:\Windows\System32\uiautomationcore.dll
0x72c00000 - 0x72c1a000 	C:\Windows\System32\USERENV.dll
0x77290000 - 0x7729f000 	C:\WINDOWS\System32\profapi.dll
0x74260000 - 0x742e1000 	C:\WINDOWS\SYSTEM32\sxs.dll
0x695e0000 - 0x69634000 	C:\Windows\System32\OLEACC.dll
0x69570000 - 0x695dc000 	C:\WINDOWS\SYSTEM32\twinapi.dll
0x748f0000 - 0x74978000 	C:\WINDOWS\System32\shcore.dll
0x6ef90000 - 0x6f07d000 	C:\WINDOWS\SYSTEM32\twinapi.appcore.dll
0x741e0000 - 0x741fb000 	C:\WINDOWS\SYSTEM32\bcrypt.dll
0x75110000 - 0x764e2000 	C:\WINDOWS\System32\SHELL32.dll
0x749a0000 - 0x74f0b000 	C:\WINDOWS\System32\windows.storage.dll
0x76bf0000 - 0x76c35000 	C:\WINDOWS\System32\powrprof.dll
0x76c40000 - 0x76c86000 	C:\WINDOWS\System32\shlwapi.dll
0x69420000 - 0x69565000 	C:\Program Files (x86)\Arduino\java\bin\awt.dll
0x69380000 - 0x69412000 	C:\WINDOWS\SYSTEM32\apphelp.dll
0x76a60000 - 0x76b4e000 	C:\WINDOWS\System32\ole32.dll
0x71120000 - 0x7113f000 	C:\WINDOWS\system32\dwmapi.dll
0x69340000 - 0x69379000 	C:\Program Files (x86)\Arduino\java\bin\fontmanager.dll
0x69890000 - 0x698a6000 	C:\Program Files (x86)\Arduino\java\bin\net.dll
0x72d10000 - 0x72d5e000 	C:\WINDOWS\system32\mswsock.dll
0x6f2e0000 - 0x6f2ef000 	C:\Program Files (x86)\Arduino\java\bin\nio.dll
0x69310000 - 0x69340000 	C:\Program Files (x86)\Arduino\java\bin\t2k.dll
0x74230000 - 0x7425f000 	C:\WINDOWS\SYSTEM32\IPHLPAPI.DLL
0x76be0000 - 0x76be7000 	C:\WINDOWS\System32\NSI.dll
0x72c30000 - 0x72c43000 	C:\WINDOWS\SYSTEM32\dhcpcsvc6.DLL
0x72cb0000 - 0x72cc4000 	C:\WINDOWS\SYSTEM32\dhcpcsvc.DLL
0x61940000 - 0x61976000 	C:\Program Files (x86)\Arduino\lib\listSerialsj.dll
0x76650000 - 0x76a59000 	C:\WINDOWS\System32\SETUPAPI.dll
0x738b0000 - 0x738c3000 	C:\WINDOWS\SYSTEM32\CRYPTSP.dll
0x73880000 - 0x738af000 	C:\WINDOWS\system32\rsaenh.dll
0x717c0000 - 0x71835000 	C:\WINDOWS\SYSTEM32\DNSAPI.dll
0x717b0000 - 0x717b8000 	C:\Windows\System32\rasadhlp.dll
0x71760000 - 0x717a9000 	C:\WINDOWS\System32\fwpuclnt.dll
0x28050000 - 0x2808d000 	C:\Users\brigo\AppData\Local\Temp\jna-94005441\jna6093626243159681990.dll
0x64000000 - 0x6401b000 	C:\Users\brigo\.jssc\windows\jSSC-2.8_x86.dll
0x692a0000 - 0x69309000 	C:\Program Files (x86)\Arduino\msvcp100.dll
0x691e0000 - 0x6929e000 	C:\Program Files (x86)\Arduino\msvcr100.dll
0x293a0000 - 0x293d2000 	C:\Program Files (x86)\Arduino\lib\AStylej.dll
0x691b0000 - 0x691d4000 	C:\Program Files (x86)\Arduino\java\bin\dcpr.dll
0x69040000 - 0x691b0000 	C:\WINDOWS\SYSTEM32\WindowsCodecs.dll
0x68ff0000 - 0x69034000 	C:\WINDOWS\system32\dataexchange.dll
0x6be60000 - 0x6c091000 	C:\WINDOWS\system32\d3d11.dll
0x68ee0000 - 0x68fea000 	C:\WINDOWS\system32\dcomp.dll
0x6c330000 - 0x6c3b1000 	C:\WINDOWS\system32\dxgi.dll
0x742f0000 - 0x74312000 	C:\WINDOWS\SYSTEM32\DEVOBJ.dll
0x750c0000 - 0x75104000 	C:\WINDOWS\System32\WINTRUST.dll
0x76b50000 - 0x76b5e000 	C:\WINDOWS\System32\MSASN1.dll
0x76ef0000 - 0x7706c000 	C:\WINDOWS\System32\CRYPT32.dll
0x68e90000 - 0x68ede000 	C:\WINDOWS\system32\Ninput.dll
0x6f610000 - 0x6f755000 	C:\WINDOWS\SYSTEM32\dbghelp.dll

VM Arguments:
jvm_args: -Dsun.java2d.d3d=false -DAPP_DIR=C:\Program Files (x86)\Arduino -Xms128M -Xmx512M 
java_command: processing.app.Base D:\Ross\Documents\3DPrinting\Firmware\000\Software\Marlin\Marlin.ino
java_class_path (initial): C:\Program Files (x86)\Arduino\lib\apple.jar;C:\Program Files (x86)\Arduino\lib\arduino-core.jar;C:\Program Files (x86)\Arduino\lib\batik-1.8.jar;C:\Program Files (x86)\Arduino\lib\batik-anim-1.8.jar;C:\Program Files (x86)\Arduino\lib\batik-awt-util-1.8.jar;C:\Program Files (x86)\Arduino\lib\batik-bridge-1.8.jar;C:\Program Files (x86)\Arduino\lib\batik-codec-1.8.jar;C:\Program Files (x86)\Arduino\lib\batik-css-1.8.jar;C:\Program Files (x86)\Arduino\lib\batik-dom-1.8.jar;C:\Program Files (x86)\Arduino\lib\batik-ext-1.8.jar;C:\Program Files (x86)\Arduino\lib\batik-gvt-1.8.jar;C:\Program Files (x86)\Arduino\lib\batik-parser-1.8.jar;C:\Program Files (x86)\Arduino\lib\batik-rasterizer-1.8.jar;C:\Program Files (x86)\Arduino\lib\batik-script-1.8.jar;C:\Program Files (x86)\Arduino\lib\batik-squiggle-1.8.jar;C:\Program Files (x86)\Arduino\lib\batik-svg-dom-1.8.jar;C:\Program Files (x86)\Arduino\lib\batik-svgpp-1.8.jar;C:\Program Files (x86)\Arduino\lib\batik-transcoder-1.8.jar;C:\Program Files (x86)\Arduino\lib\batik-util-1.8.jar;C:\Program Files (x86)\Arduino\lib\batik-xml-1.8.jar;C:\Program Files (x86)\Arduino\lib\bcpg-jdk15on-152.jar;C:\Program Files (x86)\Arduino\lib\bcprov-jdk15on-152.jar;C:\Program Files (x86)\Arduino\lib\commons-codec-1.7.jar;C:\Program Files (x86)\Arduino\lib\commons-compress-1.8.jar;C:\Program Files (x86)\Arduino\lib\commons-exec-1.1.jar;C:\Program Files (x86)\Arduino\lib\commons-httpclient-3.1.jar;C:\Program Files (x86)\Arduino\lib\commons-lang3-3.3.2.jar;C:\Program Files (x86)\Arduino\lib\commons-logging-1.0.4.jar;C:\Program Files (x86)\Arduino\lib\commons-net-3.3.jar;C:\Program Files (x86)\Arduino\lib\jackson-annotations-2.6.3.jar;C:\Program Files (x86)\Arduino\lib\jackson-core-2.6.3.jar;C:\Program Files (x86)\Arduino\lib\jackson-databind-2.6.3.jar;C:\Program Files (x86)\Arduino\lib\jackson-module-mrbean-2.6.3.jar;C:\Program Files (x86)\Arduino\lib\java-semver-0.8.0.jar;C:\Program Files (x86)\Arduino\lib\jmdns-3.4.1.j
Launcher Type: SUN_STANDARD

Environment Variables:
PATH=C:\WINDOWS\system32;C:\WINDOWS;C:\WINDOWS\System32\Wbem;C:\WINDOWS\System32\WindowsPowerShell\v1.0\;C:\Program Files\Microsoft SQL Server\120\Tools\Binn\;C:\Program Files\Microsoft SQL Server\130\Tools\Binn\;C:\Program Files (x86)\Skype\Phone\;C:\Program Files\Microsoft\Web Platform Installer\;C:\Program Files\Microsoft Service Fabric\bin\Fabric\Fabric.Code;C:\Program Files\Microsoft SDKs\Service Fabric\Tools\ServiceFabricLocalClusterManager;C:\Program Files (x86)\Windows Kits\10\Windows Performance Toolkit\;C:\Program Files (x86)\Microsoft Emulator Manager\1.0\;C:\Program Files (x86)\nodejs\;C:\Program Files\Git\cmd;C:\Users\brigo\.dnx\bin;C:\Users\brigo\AppData\Local\Programs\Python\Python35-32\Scripts\;C:\Users\brigo\AppData\Local\Programs\Python\Python35-32\;C:\Program Files (x86)\Nmap;C:\Users\brigo\AppData\Roaming\npm;%USERPROFILE%\AppData\Local\Microsoft\WindowsApps;;C:\Program Files (x86)\Arduino\java\bin
USERNAME=brigo
OS=Windows_NT
PROCESSOR_IDENTIFIER=Intel64 Family 6 Model 78 Stepping 3, GenuineIntel



---------------  S Y S T E M  ---------------

OS: Windows 10.0 , 64 bit Build 14366 (10.0.14366.0)

CPU:total 4 (2 cores per cpu, 2 threads per core) family 6 model 78 stepping 3, cmov, cx8, fxsr, mmx, sse, sse2, sse3, ssse3, sse4.1, sse4.2, popcnt, avx, avx2, aes, clmul, erms, rtm, 3dnowpref, lzcnt, ht, tsc, tscinvbit, bmi1, bmi2, adx

Memory: 4k page, physical 8313252k(3543752k free), swap 14080420k(4519992k free)

vm_info: Java HotSpot(TM) Client VM (25.66-b17) for windows-x86 JRE (1.8.0_66-b17), built on Oct  6 2015 19:59:47 by "java_re" with MS VC++ 10.0 (VS2010)

time: Sun Jun 26 14:32:38 2016
elapsed time: 50661 seconds (0d 14h 4m 21s)

